1708295535189:create_parking_lot 6
1708295568788:create_parking_lot 5
1708295976505:create_parking_lot 7
1708295997918:park KA-01-HH-3141 Black
1708296348524:create_parking_lot 7
1708296369471:park KA-01-HH-3141 Black
1708296377092:park KA-01-HH-3142 Black
1708296385374:leave 1
1708296551785:create_parking_lot 6
1708296573180:park KA-01-HH-3141 Black
1708296579578:park KA-01-HH-3142 Black
1708296585293:park KA-01-HH-3133 Black
1708296592659:status
1708296637106:create_parking_lot 6
1708296657237:park KA-01-HH-3141 Black
1708296663152:park KA-01-HH-3133 Black
1708296668755:park KA-01-HH-3142 Black
1708296674784:leave 2
1708296678613:status
1708297038274:create_parking_lot 6
1708297052472:park KA-01-HH-1234 White
1708297058461:park KA-01-HH-1233 White
1708297065994:park KA-01-HH-1224 White
1708297078237:park KA-01-BB-0001 Black
1708297084806:park KA-01-BB-0221 Black
1708297093859:leave 2
1708297102174:park KA-01-BB-0033 Black
1708297110451:status
1708297129427:registration_numbers_for_cars_with_colour White
1708297163476:KA-01-HH-3141 Black
1708297170866:park KA-01-HH-3141 Black
1708297182119:park KA-01-HH-3122 Black
1708297191885:leave 3
1708297202121:park KA-01-HH-3221 Black
1708297242597:park KA-01-HH-314133 Black
1708297543366:create_parking_lot 5
1708297567335:park KA-01-HH-2701 Blue
1708297574302:park KA-01-HH-270166 Blue
1708297620222:create_parking_lot 6
1708297633058:park KA-01-HH-9999 White
1708297638933:park KA-01-HH-9999786 White
1708297654251:park KA-01-HH-9999
1708297672000:status
1708297710604:park
1708297723543:park White
1708297732462:park KA-01-HH-9998
1708297899426:create_parking_lot 3
1708297914282:create_parking_lot
1708297925093:create_parking_lot 60
1708297981073:create_parking_lot 89
1708298011020:create_parking_lot 87
1708318808155:create_parking_lot 6
1708318932418:park KA-01-HH-1234 White
1708318960178:park KA-01-HH-9999 White
1708318972225:park KA-01-HH-9989 black
1708319009697:leave 3
1708319032605:park KA-01-HH-9994 White
1708319040148:park KA-01-HH-9959 White
1708319049406:leave 2
1708319067274:park KA-01-HH-4999 White
1708319089906:status
1708319106584:park KA-01-HH-9979 White
1708319113209:park KA-01-HH-9969 White
1708319120059:park KA-01-HH-9939 White
1708319172052:exit
1708319301922:status
1708319311441:exit
1708319472272:registration_numbers_for_cars_with_colour White
1708319520880:quit
1708319879463:status
1708319896709:leave 4
1708319900064:status
1708319924985:exit
1708320125693:status
